{
  "stats": {
    "suites": 1,
    "tests": 9,
    "passes": 9,
    "pending": 0,
    "failures": 0,
    "start": "2024-10-28T16:25:31.283Z",
    "end": "2024-10-28T16:25:42.614Z",
    "duration": 11331,
    "testsRegistered": 9,
    "passPercent": 100,
    "pendingPercent": 0,
    "other": 0,
    "hasOther": false,
    "skipped": 0,
    "hasSkipped": false
  },
  "results": [
    {
      "uuid": "b657687d-94b9-4826-b66f-36416ace82fd",
      "title": "",
      "fullFile": "cypress\\e2e\\spec\\login.cy.js",
      "file": "cypress\\e2e\\spec\\login.cy.js",
      "beforeHooks": [],
      "afterHooks": [],
      "tests": [],
      "suites": [
        {
          "uuid": "69872fc2-fb6d-48d3-854b-80e326a6709c",
          "title": "Login",
          "fullFile": "",
          "file": "",
          "beforeHooks": [],
          "afterHooks": [],
          "tests": [
            {
              "title": "Login com sucesso",
              "fullTitle": "Login Login com sucesso",
              "timedOut": null,
              "duration": 1059,
              "state": "passed",
              "speed": "fast",
              "pass": true,
              "fail": false,
              "pending": false,
              "context": null,
              "code": "loginPage.visit('/');\nloginPage.loginUsuario();\nloginPage.loginSenha();\nloginPage.entrar();\n//validações de login\nloginPage.validarLogin().should('have.text', \"Products\");\nloginPage.validarListaProdutos().should('be.visible');\nloginPage.validarURL().should('contain', '/inventory');",
              "err": {},
              "uuid": "6629e9e9-2841-4331-83ff-5b65bee9fd4d",
              "parentUUID": "69872fc2-fb6d-48d3-854b-80e326a6709c",
              "isHook": false,
              "skipped": false
            },
            {
              "title": "Login com usuário inválido",
              "fullTitle": "Login Login com usuário inválido",
              "timedOut": null,
              "duration": 710,
              "state": "passed",
              "speed": "fast",
              "pass": true,
              "fail": false,
              "pending": false,
              "context": null,
              "code": "loginPage.visit('/');\nloginPage.loginUsuarioInvalido();\nloginPage.loginSenha();\nloginPage.entrar();\n//validações de usuário inválido\nloginPage.validarMessagensErro().should('have.text', \"Epic sadface: Username and password do not match any user in this service\");\nloginPage.validarURL().should('contain', '/v1');",
              "err": {},
              "uuid": "4741cc59-eb01-4ba9-9ac9-7ca2b38b5ac8",
              "parentUUID": "69872fc2-fb6d-48d3-854b-80e326a6709c",
              "isHook": false,
              "skipped": false
            },
            {
              "title": "Login com senha inválida",
              "fullTitle": "Login Login com senha inválida",
              "timedOut": null,
              "duration": 728,
              "state": "passed",
              "speed": "fast",
              "pass": true,
              "fail": false,
              "pending": false,
              "context": null,
              "code": "loginPage.visit('/');\nloginPage.loginUsuario();\nloginPage.loginSenhaInvalida();\nloginPage.entrar();\n//validações de senha inválida\nloginPage.validarMessagensErro().should('have.text', \"Epic sadface: Username and password do not match any user in this service\");\nloginPage.validarURL().should('contain', '/v1');",
              "err": {},
              "uuid": "a317dbef-ba73-4c25-860e-df54d0d1848a",
              "parentUUID": "69872fc2-fb6d-48d3-854b-80e326a6709c",
              "isHook": false,
              "skipped": false
            },
            {
              "title": "Login com usuário e senha vazio",
              "fullTitle": "Login Login com usuário e senha vazio",
              "timedOut": null,
              "duration": 174,
              "state": "passed",
              "speed": "fast",
              "pass": true,
              "fail": false,
              "pending": false,
              "context": null,
              "code": "loginPage.visit('/');\nloginPage.entrar();\n//validações usuário e senha vazio\nloginPage.validarMessagensErro().should('have.text', \"Epic sadface: Username is required\");\nloginPage.validarURL().should('contain', '/v1');",
              "err": {},
              "uuid": "cf2e4aa0-5c75-4a75-907d-8f3616cd0bff",
              "parentUUID": "69872fc2-fb6d-48d3-854b-80e326a6709c",
              "isHook": false,
              "skipped": false
            },
            {
              "title": "Login com usuário vazio",
              "fullTitle": "Login Login com usuário vazio",
              "timedOut": null,
              "duration": 471,
              "state": "passed",
              "speed": "fast",
              "pass": true,
              "fail": false,
              "pending": false,
              "context": null,
              "code": "loginPage.visit('/');\nloginPage.loginSenha();\nloginPage.entrar();\n//validações usuário vazio\nloginPage.validarMessagensErro().should('have.text', \"Epic sadface: Username is required\");\nloginPage.validarURL().should('contain', '/v1');",
              "err": {},
              "uuid": "e7f85ed1-9b84-4619-9d23-a2c77de694fe",
              "parentUUID": "69872fc2-fb6d-48d3-854b-80e326a6709c",
              "isHook": false,
              "skipped": false
            },
            {
              "title": "Login com senha vazia",
              "fullTitle": "Login Login com senha vazia",
              "timedOut": null,
              "duration": 473,
              "state": "passed",
              "speed": "fast",
              "pass": true,
              "fail": false,
              "pending": false,
              "context": null,
              "code": "loginPage.visit('/');\nloginPage.loginUsuario();\nloginPage.entrar();\n//validações senha vazia\nloginPage.validarMessagensErro().should('have.text', \"Epic sadface: Password is required\");\nloginPage.validarURL().should('contain', '/v1');",
              "err": {},
              "uuid": "3db63286-e26b-4e08-b9cd-3812745debb7",
              "parentUUID": "69872fc2-fb6d-48d3-854b-80e326a6709c",
              "isHook": false,
              "skipped": false
            },
            {
              "title": "Login com usuário bloqueado",
              "fullTitle": "Login Login com usuário bloqueado",
              "timedOut": null,
              "duration": 788,
              "state": "passed",
              "speed": "fast",
              "pass": true,
              "fail": false,
              "pending": false,
              "context": null,
              "code": "loginPage.visit('/');\nloginPage.loginUsuarioBloqueado();\nloginPage.loginSenha();\nloginPage.entrar();\n//validações usuário bloqueado\nloginPage.validarMessagensErro().should('have.text', \"Epic sadface: Sorry, this user has been locked out.\");\nloginPage.validarURL().should('contain', '/v1');",
              "err": {},
              "uuid": "cab8e360-5e6a-4ad4-9b3c-2bf77c59b4ce",
              "parentUUID": "69872fc2-fb6d-48d3-854b-80e326a6709c",
              "isHook": false,
              "skipped": false
            },
            {
              "title": "Login usuário com problema",
              "fullTitle": "Login Login usuário com problema",
              "timedOut": null,
              "duration": 776,
              "state": "passed",
              "speed": "fast",
              "pass": true,
              "fail": false,
              "pending": false,
              "context": null,
              "code": "loginPage.visit('/');\nloginPage.loginUsuarioProblema();\nloginPage.loginSenha();\nloginPage.entrar();\n//validações usuário com problema\nloginPage.validarImgProdutos().should('be.visible');\ncy.url().should('contain', '/inventory');",
              "err": {},
              "uuid": "6cded466-b41a-4841-a6cf-ff0990df567f",
              "parentUUID": "69872fc2-fb6d-48d3-854b-80e326a6709c",
              "isHook": false,
              "skipped": false
            },
            {
              "title": "Login usuário com falha de desempenho",
              "fullTitle": "Login Login usuário com falha de desempenho",
              "timedOut": null,
              "duration": 5886,
              "state": "passed",
              "speed": "medium",
              "pass": true,
              "fail": false,
              "pending": false,
              "context": null,
              "code": "const startTime = Date.now(); //captura o tempo atual\nloginPage.visit('/');\nloginPage.loginUsuarioPerformance();\nloginPage.loginSenha();\nloginPage.entrar();\n//validações de usuário com falha de desempenho\nloginPage.validarLoginDelay(startTime).then(duration => {\n  expect(duration).to.be.greaterThan(4); //verifica se o login demorou mais que 4 segundos\n});\ncy.url().should('contain', '/inventory');",
              "err": {},
              "uuid": "7a75aaee-b66f-44e5-af3f-cc0570498bc0",
              "parentUUID": "69872fc2-fb6d-48d3-854b-80e326a6709c",
              "isHook": false,
              "skipped": false
            }
          ],
          "suites": [],
          "passes": [
            "6629e9e9-2841-4331-83ff-5b65bee9fd4d",
            "4741cc59-eb01-4ba9-9ac9-7ca2b38b5ac8",
            "a317dbef-ba73-4c25-860e-df54d0d1848a",
            "cf2e4aa0-5c75-4a75-907d-8f3616cd0bff",
            "e7f85ed1-9b84-4619-9d23-a2c77de694fe",
            "3db63286-e26b-4e08-b9cd-3812745debb7",
            "cab8e360-5e6a-4ad4-9b3c-2bf77c59b4ce",
            "6cded466-b41a-4841-a6cf-ff0990df567f",
            "7a75aaee-b66f-44e5-af3f-cc0570498bc0"
          ],
          "failures": [],
          "pending": [],
          "skipped": [],
          "duration": 11065,
          "root": false,
          "rootEmpty": false,
          "_timeout": 2000
        }
      ],
      "passes": [],
      "failures": [],
      "pending": [],
      "skipped": [],
      "duration": 0,
      "root": true,
      "rootEmpty": true,
      "_timeout": 2000
    }
  ],
  "meta": {
    "mocha": {
      "version": "7.0.1"
    },
    "mochawesome": {
      "options": {
        "quiet": false,
        "reportFilename": "report",
        "saveHtml": true,
        "saveJson": true,
        "consoleReporter": "spec",
        "useInlineDiffs": false,
        "code": true
      },
      "version": "7.1.3"
    },
    "marge": {
      "options": {
        "reportDir": "cypress/reports/mochawesome-report",
        "overwrite": false,
        "html": true,
        "json": true,
        "charts": true,
        "reportFilename": "report",
        "timestamp": "mmddyyyy_HHMMss",
        "inlineAssets": true,
        "reportPageTitle": "Relatório de execução de testes no site SAUCEDEMO",
        "embeddedScreenshots": true
      },
      "version": "6.2.0"
    }
  }
}