{
  "stats": {
    "suites": 1,
    "tests": 3,
    "passes": 3,
    "pending": 0,
    "failures": 0,
    "start": "2025-01-27T18:19:08.636Z",
    "end": "2025-01-27T18:19:14.089Z",
    "duration": 5453,
    "testsRegistered": 3,
    "passPercent": 100,
    "pendingPercent": 0,
    "other": 0,
    "hasOther": false,
    "skipped": 0,
    "hasSkipped": false
  },
  "results": [
    {
      "uuid": "8a4764db-f777-4bf6-8711-c8bb36f44127",
      "title": "",
      "fullFile": "cypress\\e2e\\spec\\cart.cy.js",
      "file": "cypress\\e2e\\spec\\cart.cy.js",
      "beforeHooks": [],
      "afterHooks": [],
      "tests": [],
      "suites": [
        {
          "uuid": "3c9886de-7f3c-4fde-a847-94c105e4be00",
          "title": "Operações com carrinho",
          "fullFile": "",
          "file": "",
          "beforeHooks": [],
          "afterHooks": [],
          "tests": [
            {
              "title": "Adicionando um produto ao carrinho",
              "fullTitle": "Operações com carrinho Adicionando um produto ao carrinho",
              "timedOut": null,
              "duration": 2728,
              "state": "passed",
              "speed": "fast",
              "pass": true,
              "fail": false,
              "pending": false,
              "context": null,
              "code": "//adicionando um produto ao carrinho\ncartPage.clicarProdutoMochila();\n//clicando no botão adicionar produto\ncartPage.adicionarCarrinho();\n//validando númeração no ícone do carrinho\ncartPage.contadorCarrinho().should('be.visible');\n//clicando no carrinho pelo selector\ncartPage.clicarCarrinho();\n//validações dentro da página de carrinho\n//validações textos\ncartPage.validarTextoPaginaCarrinho().should('have.text', \"Your Cart\");\ncartPage.validarTextoQTY().should('have.text', \"QTY\");\ncartPage.validarTextoDESCRIPTION().should('have.text', \"DESCRIPTION\");\ncartPage.validarQtyItensCarrinho().should('have.text', \"1\");\ncartPage.validarPrecoProduto().should('be.visible');\ncartPage.validarDescricaoProduto().should('be.visible');\ncartPage.validarNomeProduto().should('be.visible');\n//validações botões \ncartPage.validarBtnRemoverProduto().should('have.text', \"REMOVE\");\ncartPage.validarBtnComprar().should('have.text', \"CHECKOUT\");\ncartPage.validarBtnHome().should('have.text', \"Continue Shopping\");\ncy.url().should('contain', '/cart');",
              "err": {},
              "uuid": "dbfd8ede-dfa4-4230-9d24-a35682f19d86",
              "parentUUID": "3c9886de-7f3c-4fde-a847-94c105e4be00",
              "isHook": false,
              "skipped": false
            },
            {
              "title": "Removendo um produto do carrinho",
              "fullTitle": "Operações com carrinho Removendo um produto do carrinho",
              "timedOut": null,
              "duration": 1028,
              "state": "passed",
              "speed": "fast",
              "pass": true,
              "fail": false,
              "pending": false,
              "context": null,
              "code": "//adicionando um produto ao carrinho\ncartPage.clicarProdutoMochila();\n//clicando no botão adicionar produto\ncartPage.adicionarCarrinho();\n//validando númeração no ícone do carrinho\ncartPage.contadorCarrinho().should('be.visible');\n//clicando no carrinho pelo selector\ncartPage.clicarCarrinho();\n//validações dentro da página de carrinho\n//removendo produto do carrinho\ncartPage.removerItemCarrinho();\n//validações que não tem nenhum item no carrinho\ncartPage.validarQtyItensCarrinho().should('not.exist');\ncartPage.validarBtnRemoverProduto().should('not.exist');\ncartPage.validarPrecoProduto().should('not.exist');\ncartPage.validarDescricaoProduto().should('not.exist');\ncartPage.validarNomeProduto().should('not.exist');\ncy.url().should('contain', '/cart');",
              "err": {},
              "uuid": "d27531b9-2bcf-4152-b98e-23f89541a821",
              "parentUUID": "3c9886de-7f3c-4fde-a847-94c105e4be00",
              "isHook": false,
              "skipped": false
            },
            {
              "title": "Adicionando mais de um produto ao carrinho",
              "fullTitle": "Operações com carrinho Adicionando mais de um produto ao carrinho",
              "timedOut": null,
              "duration": 1614,
              "state": "passed",
              "speed": "fast",
              "pass": true,
              "fail": false,
              "pending": false,
              "context": null,
              "code": "//adicionando um produto ao carrinho\ncartPage.clicarProdutoMochila();\n//clicando no botão adicionar produto\ncartPage.adicionarCarrinho();\n//validando númeração no ícone do carrinho\ncartPage.contadorCarrinho().should('be.visible');\n//voltando na página principal dos produtos\ncartPage.clicarMenu();\ncartPage.clicarBtnAllItems();\n//adicionando mais um produto ao carrinho totalizando dois produtos\ncartPage.clicarProdutoCamiseta();\ncartPage.adicionarCarrinho();\n//validando númeração no ícone do carrinho\ncartPage.contadorCarrinho().should('be.visible');\n//clicando no carrinho pelo selector\ncartPage.clicarCarrinho();\n//validações dentro da página de carrinho\n//validações botões \ncartPage.validarBtnRemoverProduto().should('be.visible');\ncartPage.validarBtnComprar().should('have.text', \"CHECKOUT\");\ncartPage.validarBtnHome().should('have.text', \"Continue Shopping\");\n//validações textos\ncartPage.validarTextoPaginaCarrinho().should('have.text', \"Your Cart\");\ncartPage.validarTextoQTY().should('have.text', \"QTY\");\ncartPage.validarTextoDESCRIPTION().should('have.text', \"DESCRIPTION\");\ncartPage.validarQtyItensCarrinho().should('be.visible');\ncartPage.validarPrecoProduto().should('be.visible');\ncartPage.validarDescricaoProduto().should('be.visible');\ncartPage.validarNomeProduto().should('be.visible');\ncy.url().should('contain', '/cart');",
              "err": {},
              "uuid": "def487e4-f073-4b69-8e32-172bacd84738",
              "parentUUID": "3c9886de-7f3c-4fde-a847-94c105e4be00",
              "isHook": false,
              "skipped": false
            }
          ],
          "suites": [],
          "passes": [
            "dbfd8ede-dfa4-4230-9d24-a35682f19d86",
            "d27531b9-2bcf-4152-b98e-23f89541a821",
            "def487e4-f073-4b69-8e32-172bacd84738"
          ],
          "failures": [],
          "pending": [],
          "skipped": [],
          "duration": 5370,
          "root": false,
          "rootEmpty": false,
          "_timeout": 2000
        }
      ],
      "passes": [],
      "failures": [],
      "pending": [],
      "skipped": [],
      "duration": 0,
      "root": true,
      "rootEmpty": true,
      "_timeout": 2000
    }
  ],
  "meta": {
    "mocha": {
      "version": "7.0.1"
    },
    "mochawesome": {
      "options": {
        "quiet": false,
        "reportFilename": "report",
        "saveHtml": true,
        "saveJson": true,
        "consoleReporter": "spec",
        "useInlineDiffs": false,
        "code": true
      },
      "version": "7.1.3"
    },
    "marge": {
      "options": {
        "reportDir": "cypress/reports/mochawesome-report",
        "overwrite": false,
        "html": true,
        "json": true,
        "charts": true,
        "reportFilename": "report",
        "timestamp": "mmddyyyy_HHMMss",
        "inlineAssets": true,
        "reportPageTitle": "Relatório de execução de testes no site SAUCEDEMO",
        "embeddedScreenshots": true
      },
      "version": "6.2.0"
    }
  }
}