{
  "stats": {
    "suites": 1,
    "tests": 5,
    "passes": 5,
    "pending": 0,
    "failures": 0,
    "start": "2025-01-27T17:53:08.884Z",
    "end": "2025-01-27T17:53:18.809Z",
    "duration": 9925,
    "testsRegistered": 5,
    "passPercent": 100,
    "pendingPercent": 0,
    "other": 0,
    "hasOther": false,
    "skipped": 0,
    "hasSkipped": false
  },
  "results": [
    {
      "uuid": "58303918-5821-46e3-b6b5-1588b8b6198d",
      "title": "",
      "fullFile": "cypress\\e2e\\spec\\checkout.cy.js",
      "file": "cypress\\e2e\\spec\\checkout.cy.js",
      "beforeHooks": [],
      "afterHooks": [],
      "tests": [],
      "suites": [
        {
          "uuid": "adf1a4de-3c5d-4ca4-953c-94178e69cac1",
          "title": "Efetuando uma compra",
          "fullFile": "",
          "file": "",
          "beforeHooks": [],
          "afterHooks": [],
          "tests": [
            {
              "title": "Validando o fluxo de compra",
              "fullTitle": "Efetuando uma compra Validando o fluxo de compra",
              "timedOut": null,
              "duration": 2715,
              "state": "passed",
              "speed": "fast",
              "pass": true,
              "fail": false,
              "pending": false,
              "context": null,
              "code": "//preenchendo dados do comprador\ncheckoutPage.nomeUsuario();\ncheckoutPage.sobrenomeUsuario();\ncheckoutPage.cepUsuario();\ncheckoutPage.clicarContinua();\n//validando que estou na página de resumo da compra\ncheckoutPage.validarTextoPaginaResumo().should('have.text', \"Checkout: Overview\");\ncartPage.validarTextoQTY().should('have.text', \"QTY\");\ncartPage.validarTextoDESCRIPTION().should('have.text', \"DESCRIPTION\");\ncheckoutPage.validarQtyItensCarrinho().should('have.text', \"1\");\ncartPage.validarPrecoProduto().should('be.visible');\ncartPage.validarDescricaoProduto().should('be.visible');\ncartPage.validarNomeProduto().should('be.visible');\ncheckoutPage.validarInformacaoPagamento().should('be.visible');\ncheckoutPage.validarBtnFinalizar().should('be.visible');\ncy.url().should('contain', '/checkout-step-two');\ncheckoutPage.clicarFinalizarCompra();\n//validando confirmação de compra \ncheckoutPage.validarConfirmacaoCompra().should('be.visible');\ncheckoutPage.validarTextoCompra().should('have.text', \"THANK YOU FOR YOUR ORDER\");\ncy.url().should('contain', '/checkout-complete');",
              "err": {},
              "uuid": "7371df82-06d2-4982-ab01-62c4dfc642f3",
              "parentUUID": "adf1a4de-3c5d-4ca4-953c-94178e69cac1",
              "isHook": false,
              "skipped": false
            },
            {
              "title": "Cadastro com campos vazio",
              "fullTitle": "Efetuando uma compra Cadastro com campos vazio",
              "timedOut": null,
              "duration": 1394,
              "state": "passed",
              "speed": "fast",
              "pass": true,
              "fail": false,
              "pending": false,
              "context": null,
              "code": "//clicar no botão sem preencher nenhum campo obrigatário \ncheckoutPage.clicarContinua();\n//validar mensagem de erro de todos os campos vazio\ncheckoutPage.validarMsgCamposVazioCadastro().should('have.text', \"Error: First Name is required\");\ncy.url().should('contain', '/checkout-step-one');",
              "err": {},
              "uuid": "ca2c3ae7-059a-486a-8155-9d7766328334",
              "parentUUID": "adf1a4de-3c5d-4ca4-953c-94178e69cac1",
              "isHook": false,
              "skipped": false
            },
            {
              "title": "Cadastro com nome vazio",
              "fullTitle": "Efetuando uma compra Cadastro com nome vazio",
              "timedOut": null,
              "duration": 1861,
              "state": "passed",
              "speed": "fast",
              "pass": true,
              "fail": false,
              "pending": false,
              "context": null,
              "code": "//preenchendo dados do comprador\ncheckoutPage.sobrenomeUsuario();\ncheckoutPage.cepUsuario();\ncheckoutPage.clicarContinua();\n//validar mensagem de erro de todos os campos vazio\ncheckoutPage.validarMsgCamposVazioCadastro().should('have.text', \"Error: First Name is required\");\ncy.url().should('contain', '/checkout-step-one');",
              "err": {},
              "uuid": "123b7d6e-c97d-4b7b-9b23-d496299c9b4a",
              "parentUUID": "adf1a4de-3c5d-4ca4-953c-94178e69cac1",
              "isHook": false,
              "skipped": false
            },
            {
              "title": "Cadastro com sobrenome vazio",
              "fullTitle": "Efetuando uma compra Cadastro com sobrenome vazio",
              "timedOut": null,
              "duration": 1899,
              "state": "passed",
              "speed": "fast",
              "pass": true,
              "fail": false,
              "pending": false,
              "context": null,
              "code": "//validando que estou na página de checkout\ncheckoutPage.validarTextoPaginaDados().should('have.text', \"Checkout: Your Information\");\ncheckoutPage.validarNome().should('be.visible');\ncheckoutPage.validarSobrenome().should('be.visible');\ncheckoutPage.validarCEP().should('be.visible');\n//preenchendo dados do comprador\ncheckoutPage.nomeUsuario();\ncheckoutPage.cepUsuario();\ncheckoutPage.clicarContinua();\n//validar mensagem de erro de todos os campos vazio\ncheckoutPage.validarMsgCamposVazioCadastro().should('have.text', \"Error: Last Name is required\");\ncy.url().should('contain', '/checkout-step-one');",
              "err": {},
              "uuid": "cced9a93-3581-4437-aa46-344e912b9c6d",
              "parentUUID": "adf1a4de-3c5d-4ca4-953c-94178e69cac1",
              "isHook": false,
              "skipped": false
            },
            {
              "title": "Cadastro com cep vazio",
              "fullTitle": "Efetuando uma compra Cadastro com cep vazio",
              "timedOut": null,
              "duration": 1867,
              "state": "passed",
              "speed": "fast",
              "pass": true,
              "fail": false,
              "pending": false,
              "context": null,
              "code": "//validando que estou na página de checkout\ncheckoutPage.validarTextoPaginaDados().should('have.text', \"Checkout: Your Information\");\ncheckoutPage.validarNome().should('be.visible');\ncheckoutPage.validarSobrenome().should('be.visible');\ncheckoutPage.validarCEP().should('be.visible');\n//preenchendo dados do comprador\ncheckoutPage.nomeUsuario();\ncheckoutPage.sobrenomeUsuario();\ncheckoutPage.clicarContinua();\n//validar mensagem de erro com cep vazio\ncheckoutPage.validarMsgCamposVazioCadastro().should('have.text', 'Error: Postal Code is required');\ncy.url().should('contain', '/checkout-step-one');",
              "err": {},
              "uuid": "5e6b9428-2c4b-4770-9736-f792212166f5",
              "parentUUID": "adf1a4de-3c5d-4ca4-953c-94178e69cac1",
              "isHook": false,
              "skipped": false
            }
          ],
          "suites": [],
          "passes": [
            "7371df82-06d2-4982-ab01-62c4dfc642f3",
            "ca2c3ae7-059a-486a-8155-9d7766328334",
            "123b7d6e-c97d-4b7b-9b23-d496299c9b4a",
            "cced9a93-3581-4437-aa46-344e912b9c6d",
            "5e6b9428-2c4b-4770-9736-f792212166f5"
          ],
          "failures": [],
          "pending": [],
          "skipped": [],
          "duration": 9736,
          "root": false,
          "rootEmpty": false,
          "_timeout": 2000
        }
      ],
      "passes": [],
      "failures": [],
      "pending": [],
      "skipped": [],
      "duration": 0,
      "root": true,
      "rootEmpty": true,
      "_timeout": 2000
    }
  ],
  "meta": {
    "mocha": {
      "version": "7.0.1"
    },
    "mochawesome": {
      "options": {
        "quiet": false,
        "reportFilename": "report",
        "saveHtml": true,
        "saveJson": true,
        "consoleReporter": "spec",
        "useInlineDiffs": false,
        "code": true
      },
      "version": "7.1.3"
    },
    "marge": {
      "options": {
        "reportDir": "cypress/reports/mochawesome-report",
        "overwrite": false,
        "html": true,
        "json": true,
        "charts": true,
        "reportFilename": "report",
        "timestamp": "mmddyyyy_HHMMss",
        "inlineAssets": true,
        "reportPageTitle": "Relatório de execução de testes no site SAUCEDEMO",
        "embeddedScreenshots": true
      },
      "version": "6.2.0"
    }
  }
}