{
  "stats": {
    "suites": 1,
    "tests": 9,
    "passes": 9,
    "pending": 0,
    "failures": 0,
    "start": "2025-01-27T18:19:28.636Z",
    "end": "2025-01-27T18:19:39.556Z",
    "duration": 10920,
    "testsRegistered": 9,
    "passPercent": 100,
    "pendingPercent": 0,
    "other": 0,
    "hasOther": false,
    "skipped": 0,
    "hasSkipped": false
  },
  "results": [
    {
      "uuid": "4bc0c97f-c1ea-4403-bf16-96293cb62500",
      "title": "",
      "fullFile": "cypress\\e2e\\spec\\login.cy.js",
      "file": "cypress\\e2e\\spec\\login.cy.js",
      "beforeHooks": [],
      "afterHooks": [],
      "tests": [],
      "suites": [
        {
          "uuid": "560f0fa8-daaf-4afb-912f-b2c720d54444",
          "title": "Login",
          "fullFile": "",
          "file": "",
          "beforeHooks": [],
          "afterHooks": [],
          "tests": [
            {
              "title": "Login com sucesso",
              "fullTitle": "Login Login com sucesso",
              "timedOut": null,
              "duration": 997,
              "state": "passed",
              "speed": "fast",
              "pass": true,
              "fail": false,
              "pending": false,
              "context": null,
              "code": "loginPage.loginUsuario();\nloginPage.loginSenha();\nloginPage.entrar();\n//validações de login\nloginPage.validarLogin().should('have.text', \"Products\");\nloginPage.validarListaProdutos().should('be.visible');\nloginPage.validarURL().should('contain', '/inventory');",
              "err": {},
              "uuid": "e87c0c63-02d1-41fb-906d-4db292558312",
              "parentUUID": "560f0fa8-daaf-4afb-912f-b2c720d54444",
              "isHook": false,
              "skipped": false
            },
            {
              "title": "Login com usuário inválido",
              "fullTitle": "Login Login com usuário inválido",
              "timedOut": null,
              "duration": 671,
              "state": "passed",
              "speed": "fast",
              "pass": true,
              "fail": false,
              "pending": false,
              "context": null,
              "code": "loginPage.loginUsuarioInvalido();\nloginPage.loginSenha();\nloginPage.entrar();\n//validações de usuário inválido\nloginPage.validarMessagensErro().should('have.text', \"Epic sadface: Username and password do not match any user in this service\");\nloginPage.validarURL().should('contain', '/v1');",
              "err": {},
              "uuid": "dc9fa098-1fa2-4fa7-8bc4-6f86620fac0c",
              "parentUUID": "560f0fa8-daaf-4afb-912f-b2c720d54444",
              "isHook": false,
              "skipped": false
            },
            {
              "title": "Login com senha inválida",
              "fullTitle": "Login Login com senha inválida",
              "timedOut": null,
              "duration": 662,
              "state": "passed",
              "speed": "fast",
              "pass": true,
              "fail": false,
              "pending": false,
              "context": null,
              "code": "loginPage.loginUsuario();\nloginPage.loginSenhaInvalida();\nloginPage.entrar();\n//validações de senha inválida\nloginPage.validarMessagensErro().should('have.text', \"Epic sadface: Username and password do not match any user in this service\");\nloginPage.validarURL().should('contain', '/v1');",
              "err": {},
              "uuid": "8bb6954d-f549-4518-b4a6-66fb6113ddbf",
              "parentUUID": "560f0fa8-daaf-4afb-912f-b2c720d54444",
              "isHook": false,
              "skipped": false
            },
            {
              "title": "Login com usuário e senha vazio",
              "fullTitle": "Login Login com usuário e senha vazio",
              "timedOut": null,
              "duration": 147,
              "state": "passed",
              "speed": "fast",
              "pass": true,
              "fail": false,
              "pending": false,
              "context": null,
              "code": "loginPage.entrar();\n//validações usuário e senha vazio\nloginPage.validarMessagensErro().should('have.text', \"Epic sadface: Username is required\");\nloginPage.validarURL().should('contain', '/v1');",
              "err": {},
              "uuid": "0c76a414-45b6-439a-8cb7-36a9fbe69311",
              "parentUUID": "560f0fa8-daaf-4afb-912f-b2c720d54444",
              "isHook": false,
              "skipped": false
            },
            {
              "title": "Login com usuário vazio",
              "fullTitle": "Login Login com usuário vazio",
              "timedOut": null,
              "duration": 435,
              "state": "passed",
              "speed": "fast",
              "pass": true,
              "fail": false,
              "pending": false,
              "context": null,
              "code": "loginPage.loginSenha();\nloginPage.entrar();\n//validações usuário vazio\nloginPage.validarMessagensErro().should('have.text', \"Epic sadface: Username is required\");\nloginPage.validarURL().should('contain', '/v1');",
              "err": {},
              "uuid": "1a5a9b2a-c6e2-4f9c-9aa2-2b6d75dd434c",
              "parentUUID": "560f0fa8-daaf-4afb-912f-b2c720d54444",
              "isHook": false,
              "skipped": false
            },
            {
              "title": "Login com senha vazia",
              "fullTitle": "Login Login com senha vazia",
              "timedOut": null,
              "duration": 452,
              "state": "passed",
              "speed": "fast",
              "pass": true,
              "fail": false,
              "pending": false,
              "context": null,
              "code": "loginPage.loginUsuario();\nloginPage.entrar();\n//validações senha vazia\nloginPage.validarMessagensErro().should('have.text', \"Epic sadface: Password is required\");\nloginPage.validarURL().should('contain', '/v1');",
              "err": {},
              "uuid": "70a2ee9e-f9e2-432e-9130-c25682897bff",
              "parentUUID": "560f0fa8-daaf-4afb-912f-b2c720d54444",
              "isHook": false,
              "skipped": false
            },
            {
              "title": "Login com usuário bloqueado",
              "fullTitle": "Login Login com usuário bloqueado",
              "timedOut": null,
              "duration": 742,
              "state": "passed",
              "speed": "fast",
              "pass": true,
              "fail": false,
              "pending": false,
              "context": null,
              "code": "loginPage.loginUsuarioBloqueado();\nloginPage.loginSenha();\nloginPage.entrar();\n//validações usuário bloqueado\nloginPage.validarMessagensErro().should('have.text', \"Epic sadface: Sorry, this user has been locked out.\");\nloginPage.validarURL().should('contain', '/v1');",
              "err": {},
              "uuid": "533f771a-940a-42bf-a71d-156667517b9d",
              "parentUUID": "560f0fa8-daaf-4afb-912f-b2c720d54444",
              "isHook": false,
              "skipped": false
            },
            {
              "title": "Login usuário com problema",
              "fullTitle": "Login Login usuário com problema",
              "timedOut": null,
              "duration": 738,
              "state": "passed",
              "speed": "fast",
              "pass": true,
              "fail": false,
              "pending": false,
              "context": null,
              "code": "loginPage.loginUsuarioProblema();\nloginPage.loginSenha();\nloginPage.entrar();\n//validações usuário com problema\nloginPage.validarImgProdutos().should('be.visible');\ncy.url().should('contain', '/inventory');",
              "err": {},
              "uuid": "35fad1e9-9b61-4985-825d-bf17a671f2fd",
              "parentUUID": "560f0fa8-daaf-4afb-912f-b2c720d54444",
              "isHook": false,
              "skipped": false
            },
            {
              "title": "Login usuário com falha de desempenho",
              "fullTitle": "Login Login usuário com falha de desempenho",
              "timedOut": null,
              "duration": 5855,
              "state": "passed",
              "speed": "medium",
              "pass": true,
              "fail": false,
              "pending": false,
              "context": null,
              "code": "const startTime = Date.now(); //captura o tempo atual\nloginPage.loginUsuarioPerformance();\nloginPage.loginSenha();\nloginPage.entrar();\n//validações de usuário com falha de desempenho\nloginPage.validarLoginDelay(startTime).then(duration => {\n  expect(duration).to.be.greaterThan(4); //verifica se o login demorou mais que 4 segundos\n});\ncy.url().should('contain', '/inventory');",
              "err": {},
              "uuid": "387e3472-ffe6-4f67-9f8a-ff84b3850bff",
              "parentUUID": "560f0fa8-daaf-4afb-912f-b2c720d54444",
              "isHook": false,
              "skipped": false
            }
          ],
          "suites": [],
          "passes": [
            "e87c0c63-02d1-41fb-906d-4db292558312",
            "dc9fa098-1fa2-4fa7-8bc4-6f86620fac0c",
            "8bb6954d-f549-4518-b4a6-66fb6113ddbf",
            "0c76a414-45b6-439a-8cb7-36a9fbe69311",
            "1a5a9b2a-c6e2-4f9c-9aa2-2b6d75dd434c",
            "70a2ee9e-f9e2-432e-9130-c25682897bff",
            "533f771a-940a-42bf-a71d-156667517b9d",
            "35fad1e9-9b61-4985-825d-bf17a671f2fd",
            "387e3472-ffe6-4f67-9f8a-ff84b3850bff"
          ],
          "failures": [],
          "pending": [],
          "skipped": [],
          "duration": 10699,
          "root": false,
          "rootEmpty": false,
          "_timeout": 2000
        }
      ],
      "passes": [],
      "failures": [],
      "pending": [],
      "skipped": [],
      "duration": 0,
      "root": true,
      "rootEmpty": true,
      "_timeout": 2000
    }
  ],
  "meta": {
    "mocha": {
      "version": "7.0.1"
    },
    "mochawesome": {
      "options": {
        "quiet": false,
        "reportFilename": "report",
        "saveHtml": true,
        "saveJson": true,
        "consoleReporter": "spec",
        "useInlineDiffs": false,
        "code": true
      },
      "version": "7.1.3"
    },
    "marge": {
      "options": {
        "reportDir": "cypress/reports/mochawesome-report",
        "overwrite": false,
        "html": true,
        "json": true,
        "charts": true,
        "reportFilename": "report",
        "timestamp": "mmddyyyy_HHMMss",
        "inlineAssets": true,
        "reportPageTitle": "Relatório de execução de testes no site SAUCEDEMO",
        "embeddedScreenshots": true
      },
      "version": "6.2.0"
    }
  }
}