{
  "stats": {
    "suites": 1,
    "tests": 3,
    "passes": 3,
    "pending": 0,
    "failures": 0,
    "start": "2024-10-28T16:24:50.397Z",
    "end": "2024-10-28T16:24:55.113Z",
    "duration": 4716,
    "testsRegistered": 3,
    "passPercent": 100,
    "pendingPercent": 0,
    "other": 0,
    "hasOther": false,
    "skipped": 0,
    "hasSkipped": false
  },
  "results": [
    {
      "uuid": "059f3bca-4517-4950-a2e4-87e94836cb4d",
      "title": "",
      "fullFile": "cypress\\e2e\\spec\\cart.cy.js",
      "file": "cypress\\e2e\\spec\\cart.cy.js",
      "beforeHooks": [],
      "afterHooks": [],
      "tests": [],
      "suites": [
        {
          "uuid": "a4b65795-0d45-4dec-9a37-06c4a9690dfd",
          "title": "Operações com carrinho",
          "fullFile": "",
          "file": "",
          "beforeHooks": [],
          "afterHooks": [],
          "tests": [
            {
              "title": "Adicionando um produto ao carrinho",
              "fullTitle": "Operações com carrinho Adicionando um produto ao carrinho",
              "timedOut": null,
              "duration": 1783,
              "state": "passed",
              "speed": "fast",
              "pass": true,
              "fail": false,
              "pending": false,
              "context": null,
              "code": "loginPage.visit('/');\nloginPage.loginUsuario();\nloginPage.loginSenha();\nloginPage.entrar();\n//adicionando um produto ao carrinho\ncartPage.clicarProdutoMochila();\n//clicando no botão adicionar produto\ncartPage.adicionarCarrinho();\n//validando númeração no ícone do carrinho\ncartPage.contadorCarrinho().should('be.visible');\n//clicando no carrinho pelo selector\ncartPage.clicarCarrinho();\n//validações dentro da página de carrinho\n//validações textos\ncartPage.validarTextoPaginaCarrinho().should('have.text', \"Your Cart\");\ncartPage.validarTextoQTY().should('have.text', \"QTY\");\ncartPage.validarTextoDESCRIPTION().should('have.text', \"DESCRIPTION\");\ncartPage.validarQtyItensCarrinho().should('have.text', \"1\");\ncartPage.validarPrecoProduto().should('be.visible');\ncartPage.validarDescricaoProduto().should('be.visible');\ncartPage.validarNomeProduto().should('be.visible');\n//validações botões \ncartPage.validarBtnRemoverProduto().should('have.text', \"REMOVE\");\ncartPage.validarBtnComprar().should('have.text', \"CHECKOUT\");\ncartPage.validarBtnHome().should('have.text', \"Continue Shopping\");\ncy.url().should('contain', '/cart');",
              "err": {},
              "uuid": "71576379-2f55-48f1-b8a9-38643e1cfe45",
              "parentUUID": "a4b65795-0d45-4dec-9a37-06c4a9690dfd",
              "isHook": false,
              "skipped": false
            },
            {
              "title": "Removendo um produto do carrinho",
              "fullTitle": "Operações com carrinho Removendo um produto do carrinho",
              "timedOut": null,
              "duration": 1123,
              "state": "passed",
              "speed": "fast",
              "pass": true,
              "fail": false,
              "pending": false,
              "context": null,
              "code": "loginPage.visit('/');\nloginPage.loginUsuario();\nloginPage.loginSenha();\nloginPage.entrar();\n//adicionando um produto ao carrinho\ncartPage.clicarProdutoMochila();\n//clicando no botão adicionar produto\ncartPage.adicionarCarrinho();\n//validando númeração no ícone do carrinho\ncartPage.contadorCarrinho().should('be.visible');\n//clicando no carrinho pelo selector\ncartPage.clicarCarrinho();\n//validações dentro da página de carrinho\n//removendo produto do carrinho\ncartPage.removerItemCarrinho();\n//validações que não tem nenhum item no carrinho\ncartPage.validarQtyItensCarrinho().should('not.exist');\ncartPage.validarBtnRemoverProduto().should('not.exist');\ncartPage.validarPrecoProduto().should('not.exist');\ncartPage.validarDescricaoProduto().should('not.exist');\ncartPage.validarNomeProduto().should('not.exist');\ncy.url().should('contain', '/cart');",
              "err": {},
              "uuid": "ae99b357-7f9d-4816-a793-3383b9feac29",
              "parentUUID": "a4b65795-0d45-4dec-9a37-06c4a9690dfd",
              "isHook": false,
              "skipped": false
            },
            {
              "title": "Adicionando mais de um produto ao carrinho",
              "fullTitle": "Operações com carrinho Adicionando mais de um produto ao carrinho",
              "timedOut": null,
              "duration": 1722,
              "state": "passed",
              "speed": "fast",
              "pass": true,
              "fail": false,
              "pending": false,
              "context": null,
              "code": "loginPage.visit('/');\nloginPage.loginUsuario();\nloginPage.loginSenha();\nloginPage.entrar();\n//adicionando um produto ao carrinho\ncartPage.clicarProdutoMochila();\n//clicando no botão adicionar produto\ncartPage.adicionarCarrinho();\n//validando númeração no ícone do carrinho\ncartPage.contadorCarrinho().should('be.visible');\n//voltando na página principal dos produtos\ncartPage.clicarMenu();\ncartPage.clicarBtnAllItems();\n//adicionando mais um produto ao carrinho totalizando dois produtos\ncartPage.clicarProdutoCamiseta();\ncartPage.adicionarCarrinho();\n//validando númeração no ícone do carrinho\ncartPage.contadorCarrinho().should('be.visible');\n//clicando no carrinho pelo selector\ncartPage.clicarCarrinho();\n//validações dentro da página de carrinho\n//validações botões \ncartPage.validarBtnRemoverProduto().should('be.visible');\ncartPage.validarBtnComprar().should('have.text', \"CHECKOUT\");\ncartPage.validarBtnHome().should('have.text', \"Continue Shopping\");\n//validações textos\ncartPage.validarTextoPaginaCarrinho().should('have.text', \"Your Cart\");\ncartPage.validarTextoQTY().should('have.text', \"QTY\");\ncartPage.validarTextoDESCRIPTION().should('have.text', \"DESCRIPTION\");\ncartPage.validarQtyItensCarrinho().should('be.visible');\ncartPage.validarPrecoProduto().should('be.visible');\ncartPage.validarDescricaoProduto().should('be.visible');\ncartPage.validarNomeProduto().should('be.visible');\ncy.url().should('contain', '/cart');",
              "err": {},
              "uuid": "b4aef70d-5fe7-4607-bce2-2f0e878cf731",
              "parentUUID": "a4b65795-0d45-4dec-9a37-06c4a9690dfd",
              "isHook": false,
              "skipped": false
            }
          ],
          "suites": [],
          "passes": [
            "71576379-2f55-48f1-b8a9-38643e1cfe45",
            "ae99b357-7f9d-4816-a793-3383b9feac29",
            "b4aef70d-5fe7-4607-bce2-2f0e878cf731"
          ],
          "failures": [],
          "pending": [],
          "skipped": [],
          "duration": 4628,
          "root": false,
          "rootEmpty": false,
          "_timeout": 2000
        }
      ],
      "passes": [],
      "failures": [],
      "pending": [],
      "skipped": [],
      "duration": 0,
      "root": true,
      "rootEmpty": true,
      "_timeout": 2000
    }
  ],
  "meta": {
    "mocha": {
      "version": "7.0.1"
    },
    "mochawesome": {
      "options": {
        "quiet": false,
        "reportFilename": "report",
        "saveHtml": true,
        "saveJson": true,
        "consoleReporter": "spec",
        "useInlineDiffs": false,
        "code": true
      },
      "version": "7.1.3"
    },
    "marge": {
      "options": {
        "reportDir": "cypress/reports/mochawesome-report",
        "overwrite": false,
        "html": true,
        "json": true,
        "charts": true,
        "reportFilename": "report",
        "timestamp": "mmddyyyy_HHMMss",
        "inlineAssets": true,
        "reportPageTitle": "Relatório de execução de testes no site SAUCEDEMO",
        "embeddedScreenshots": true
      },
      "version": "6.2.0"
    }
  }
}