{
  "stats": {
    "suites": 1,
    "tests": 5,
    "passes": 5,
    "pending": 0,
    "failures": 0,
    "start": "2025-01-27T18:19:15.626Z",
    "end": "2025-01-27T18:19:24.726Z",
    "duration": 9100,
    "testsRegistered": 5,
    "passPercent": 100,
    "pendingPercent": 0,
    "other": 0,
    "hasOther": false,
    "skipped": 0,
    "hasSkipped": false
  },
  "results": [
    {
      "uuid": "46bb0fe9-74b2-45b0-89e5-f66101018a26",
      "title": "",
      "fullFile": "cypress\\e2e\\spec\\checkout.cy.js",
      "file": "cypress\\e2e\\spec\\checkout.cy.js",
      "beforeHooks": [],
      "afterHooks": [],
      "tests": [],
      "suites": [
        {
          "uuid": "78e4a099-d3d6-4726-a215-6df3ffa8fcc7",
          "title": "Efetuando uma compra",
          "fullFile": "",
          "file": "",
          "beforeHooks": [],
          "afterHooks": [],
          "tests": [
            {
              "title": "Validando o fluxo de compra",
              "fullTitle": "Efetuando uma compra Validando o fluxo de compra",
              "timedOut": null,
              "duration": 2934,
              "state": "passed",
              "speed": "fast",
              "pass": true,
              "fail": false,
              "pending": false,
              "context": null,
              "code": "//preenchendo dados do comprador\ncheckoutPage.nomeUsuario();\ncheckoutPage.sobrenomeUsuario();\ncheckoutPage.cepUsuario();\ncheckoutPage.clicarContinua();\n//validando que estou na página de resumo da compra\ncheckoutPage.validarTextoPaginaResumo().should('have.text', \"Checkout: Overview\");\ncartPage.validarTextoQTY().should('have.text', \"QTY\");\ncartPage.validarTextoDESCRIPTION().should('have.text', \"DESCRIPTION\");\ncheckoutPage.validarQtyItensCarrinho().should('have.text', \"1\");\ncartPage.validarPrecoProduto().should('be.visible');\ncartPage.validarDescricaoProduto().should('be.visible');\ncartPage.validarNomeProduto().should('be.visible');\ncheckoutPage.validarInformacaoPagamento().should('be.visible');\ncheckoutPage.validarBtnFinalizar().should('be.visible');\ncy.url().should('contain', '/checkout-step-two');\ncheckoutPage.clicarFinalizarCompra();\n//validando confirmação de compra \ncheckoutPage.validarConfirmacaoCompra().should('be.visible');\ncheckoutPage.validarTextoCompra().should('have.text', \"THANK YOU FOR YOUR ORDER\");\ncy.url().should('contain', '/checkout-complete');",
              "err": {},
              "uuid": "4bcded7d-896f-44d6-b3bf-e5a822c87700",
              "parentUUID": "78e4a099-d3d6-4726-a215-6df3ffa8fcc7",
              "isHook": false,
              "skipped": false
            },
            {
              "title": "Cadastro com campos vazio",
              "fullTitle": "Efetuando uma compra Cadastro com campos vazio",
              "timedOut": null,
              "duration": 1160,
              "state": "passed",
              "speed": "fast",
              "pass": true,
              "fail": false,
              "pending": false,
              "context": null,
              "code": "//clicar no botão sem preencher nenhum campo obrigatário \ncheckoutPage.clicarContinua();\n//validar mensagem de erro de todos os campos vazio\ncheckoutPage.validarMsgCamposVazioCadastro().should('have.text', \"Error: First Name is required\");\ncy.url().should('contain', '/checkout-step-one');",
              "err": {},
              "uuid": "e752282f-fb55-48a2-afd4-125c6c82d50f",
              "parentUUID": "78e4a099-d3d6-4726-a215-6df3ffa8fcc7",
              "isHook": false,
              "skipped": false
            },
            {
              "title": "Cadastro com nome vazio",
              "fullTitle": "Efetuando uma compra Cadastro com nome vazio",
              "timedOut": null,
              "duration": 1612,
              "state": "passed",
              "speed": "fast",
              "pass": true,
              "fail": false,
              "pending": false,
              "context": null,
              "code": "//preenchendo dados do comprador\ncheckoutPage.sobrenomeUsuario();\ncheckoutPage.cepUsuario();\ncheckoutPage.clicarContinua();\n//validar mensagem de erro de todos os campos vazio\ncheckoutPage.validarMsgCamposVazioCadastro().should('have.text', \"Error: First Name is required\");\ncy.url().should('contain', '/checkout-step-one');",
              "err": {},
              "uuid": "db79c568-8287-4bce-906b-81bb2635f6b2",
              "parentUUID": "78e4a099-d3d6-4726-a215-6df3ffa8fcc7",
              "isHook": false,
              "skipped": false
            },
            {
              "title": "Cadastro com sobrenome vazio",
              "fullTitle": "Efetuando uma compra Cadastro com sobrenome vazio",
              "timedOut": null,
              "duration": 1630,
              "state": "passed",
              "speed": "fast",
              "pass": true,
              "fail": false,
              "pending": false,
              "context": null,
              "code": "//validando que estou na página de checkout\ncheckoutPage.validarTextoPaginaDados().should('have.text', \"Checkout: Your Information\");\ncheckoutPage.validarNome().should('be.visible');\ncheckoutPage.validarSobrenome().should('be.visible');\ncheckoutPage.validarCEP().should('be.visible');\n//preenchendo dados do comprador\ncheckoutPage.nomeUsuario();\ncheckoutPage.cepUsuario();\ncheckoutPage.clicarContinua();\n//validar mensagem de erro de todos os campos vazio\ncheckoutPage.validarMsgCamposVazioCadastro().should('have.text', \"Error: Last Name is required\");\ncy.url().should('contain', '/checkout-step-one');",
              "err": {},
              "uuid": "80720860-75e0-4994-b714-612037bde5c1",
              "parentUUID": "78e4a099-d3d6-4726-a215-6df3ffa8fcc7",
              "isHook": false,
              "skipped": false
            },
            {
              "title": "Cadastro com cep vazio",
              "fullTitle": "Efetuando uma compra Cadastro com cep vazio",
              "timedOut": null,
              "duration": 1645,
              "state": "passed",
              "speed": "fast",
              "pass": true,
              "fail": false,
              "pending": false,
              "context": null,
              "code": "//validando que estou na página de checkout\ncheckoutPage.validarTextoPaginaDados().should('have.text', \"Checkout: Your Information\");\ncheckoutPage.validarNome().should('be.visible');\ncheckoutPage.validarSobrenome().should('be.visible');\ncheckoutPage.validarCEP().should('be.visible');\n//preenchendo dados do comprador\ncheckoutPage.nomeUsuario();\ncheckoutPage.sobrenomeUsuario();\ncheckoutPage.clicarContinua();\n//validar mensagem de erro com cep vazio\ncheckoutPage.validarMsgCamposVazioCadastro().should('have.text', 'Error: Postal Code is required');\ncy.url().should('contain', '/checkout-step-one');",
              "err": {},
              "uuid": "4586efa1-f091-489a-b2d2-8c1f3b6ecac0",
              "parentUUID": "78e4a099-d3d6-4726-a215-6df3ffa8fcc7",
              "isHook": false,
              "skipped": false
            }
          ],
          "suites": [],
          "passes": [
            "4bcded7d-896f-44d6-b3bf-e5a822c87700",
            "e752282f-fb55-48a2-afd4-125c6c82d50f",
            "db79c568-8287-4bce-906b-81bb2635f6b2",
            "80720860-75e0-4994-b714-612037bde5c1",
            "4586efa1-f091-489a-b2d2-8c1f3b6ecac0"
          ],
          "failures": [],
          "pending": [],
          "skipped": [],
          "duration": 8981,
          "root": false,
          "rootEmpty": false,
          "_timeout": 2000
        }
      ],
      "passes": [],
      "failures": [],
      "pending": [],
      "skipped": [],
      "duration": 0,
      "root": true,
      "rootEmpty": true,
      "_timeout": 2000
    }
  ],
  "meta": {
    "mocha": {
      "version": "7.0.1"
    },
    "mochawesome": {
      "options": {
        "quiet": false,
        "reportFilename": "report",
        "saveHtml": true,
        "saveJson": true,
        "consoleReporter": "spec",
        "useInlineDiffs": false,
        "code": true
      },
      "version": "7.1.3"
    },
    "marge": {
      "options": {
        "reportDir": "cypress/reports/mochawesome-report",
        "overwrite": false,
        "html": true,
        "json": true,
        "charts": true,
        "reportFilename": "report",
        "timestamp": "mmddyyyy_HHMMss",
        "inlineAssets": true,
        "reportPageTitle": "Relatório de execução de testes no site SAUCEDEMO",
        "embeddedScreenshots": true
      },
      "version": "6.2.0"
    }
  }
}