{
  "stats": {
    "suites": 1,
    "tests": 9,
    "passes": 9,
    "pending": 0,
    "failures": 0,
    "start": "2025-01-27T22:51:59.061Z",
    "end": "2025-01-27T22:52:11.191Z",
    "duration": 12130,
    "testsRegistered": 9,
    "passPercent": 100,
    "pendingPercent": 0,
    "other": 0,
    "hasOther": false,
    "skipped": 0,
    "hasSkipped": false
  },
  "results": [
    {
      "uuid": "9165cf58-70f8-4f86-be97-dac6a3e03f80",
      "title": "",
      "fullFile": "cypress\\e2e\\spec\\login.cy.js",
      "file": "cypress\\e2e\\spec\\login.cy.js",
      "beforeHooks": [],
      "afterHooks": [],
      "tests": [],
      "suites": [
        {
          "uuid": "b69c384f-90ed-4cfc-b5e6-3859c4c38352",
          "title": "Login",
          "fullFile": "",
          "file": "",
          "beforeHooks": [],
          "afterHooks": [],
          "tests": [
            {
              "title": "Login com sucesso",
              "fullTitle": "Login Login com sucesso",
              "timedOut": null,
              "duration": 1206,
              "state": "passed",
              "speed": "fast",
              "pass": true,
              "fail": false,
              "pending": false,
              "context": null,
              "code": "loginPage.loginUsuario();\nloginPage.loginSenha();\nloginPage.entrar();\n//validações de login\nloginPage.validarLogin().should('have.text', \"Products\");\nloginPage.validarListaProdutos().should('be.visible');\nloginPage.validarURL().should('contain', '/inventory');",
              "err": {},
              "uuid": "2041d646-0933-4f02-afd4-4cf6f8d0d48c",
              "parentUUID": "b69c384f-90ed-4cfc-b5e6-3859c4c38352",
              "isHook": false,
              "skipped": false
            },
            {
              "title": "Login com usuário inválido",
              "fullTitle": "Login Login com usuário inválido",
              "timedOut": null,
              "duration": 734,
              "state": "passed",
              "speed": "fast",
              "pass": true,
              "fail": false,
              "pending": false,
              "context": null,
              "code": "loginPage.loginUsuarioInvalido();\nloginPage.loginSenha();\nloginPage.entrar();\n//validações de usuário inválido\nloginPage.validarMessagensErro().should('have.text', \"Epic sadface: Username and password do not match any user in this service\");\nloginPage.validarURL().should('contain', '/v1');",
              "err": {},
              "uuid": "1f218d11-a5fd-4801-98dd-38ade79437a3",
              "parentUUID": "b69c384f-90ed-4cfc-b5e6-3859c4c38352",
              "isHook": false,
              "skipped": false
            },
            {
              "title": "Login com senha inválida",
              "fullTitle": "Login Login com senha inválida",
              "timedOut": null,
              "duration": 776,
              "state": "passed",
              "speed": "fast",
              "pass": true,
              "fail": false,
              "pending": false,
              "context": null,
              "code": "loginPage.loginUsuario();\nloginPage.loginSenhaInvalida();\nloginPage.entrar();\n//validações de senha inválida\nloginPage.validarMessagensErro().should('have.text', \"Epic sadface: Username and password do not match any user in this service\");\nloginPage.validarURL().should('contain', '/v1');",
              "err": {},
              "uuid": "69949818-fb5f-423c-8428-be6e6b012a13",
              "parentUUID": "b69c384f-90ed-4cfc-b5e6-3859c4c38352",
              "isHook": false,
              "skipped": false
            },
            {
              "title": "Login com usuário e senha vazio",
              "fullTitle": "Login Login com usuário e senha vazio",
              "timedOut": null,
              "duration": 165,
              "state": "passed",
              "speed": "fast",
              "pass": true,
              "fail": false,
              "pending": false,
              "context": null,
              "code": "loginPage.entrar();\n//validações usuário e senha vazio\nloginPage.validarMessagensErro().should('have.text', \"Epic sadface: Username is required\");\nloginPage.validarURL().should('contain', '/v1');",
              "err": {},
              "uuid": "df443923-dfb6-45e2-ba7f-c920d112cc03",
              "parentUUID": "b69c384f-90ed-4cfc-b5e6-3859c4c38352",
              "isHook": false,
              "skipped": false
            },
            {
              "title": "Login com usuário vazio",
              "fullTitle": "Login Login com usuário vazio",
              "timedOut": null,
              "duration": 495,
              "state": "passed",
              "speed": "fast",
              "pass": true,
              "fail": false,
              "pending": false,
              "context": null,
              "code": "loginPage.loginSenha();\nloginPage.entrar();\n//validações usuário vazio\nloginPage.validarMessagensErro().should('have.text', \"Epic sadface: Username is required\");\nloginPage.validarURL().should('contain', '/v1');",
              "err": {},
              "uuid": "4f994abb-dbab-42e0-ab0f-e287a5f57e97",
              "parentUUID": "b69c384f-90ed-4cfc-b5e6-3859c4c38352",
              "isHook": false,
              "skipped": false
            },
            {
              "title": "Login com senha vazia",
              "fullTitle": "Login Login com senha vazia",
              "timedOut": null,
              "duration": 512,
              "state": "passed",
              "speed": "fast",
              "pass": true,
              "fail": false,
              "pending": false,
              "context": null,
              "code": "loginPage.loginUsuario();\nloginPage.entrar();\n//validações senha vazia\nloginPage.validarMessagensErro().should('have.text', \"Epic sadface: Password is required\");\nloginPage.validarURL().should('contain', '/v1');",
              "err": {},
              "uuid": "788d0e4c-d228-43ee-8f0e-81d6ed8f027e",
              "parentUUID": "b69c384f-90ed-4cfc-b5e6-3859c4c38352",
              "isHook": false,
              "skipped": false
            },
            {
              "title": "Login com usuário bloqueado",
              "fullTitle": "Login Login com usuário bloqueado",
              "timedOut": null,
              "duration": 855,
              "state": "passed",
              "speed": "fast",
              "pass": true,
              "fail": false,
              "pending": false,
              "context": null,
              "code": "loginPage.loginUsuarioBloqueado();\nloginPage.loginSenha();\nloginPage.entrar();\n//validações usuário bloqueado\nloginPage.validarMessagensErro().should('have.text', \"Epic sadface: Sorry, this user has been locked out.\");\nloginPage.validarURL().should('contain', '/v1');",
              "err": {},
              "uuid": "12722d02-d22c-4227-ba82-2638581e0c66",
              "parentUUID": "b69c384f-90ed-4cfc-b5e6-3859c4c38352",
              "isHook": false,
              "skipped": false
            },
            {
              "title": "Login usuário com problema",
              "fullTitle": "Login Login usuário com problema",
              "timedOut": null,
              "duration": 1017,
              "state": "passed",
              "speed": "fast",
              "pass": true,
              "fail": false,
              "pending": false,
              "context": null,
              "code": "loginPage.loginUsuarioProblema();\nloginPage.loginSenha();\nloginPage.entrar();\n//validações usuário com problema\nloginPage.validarImgProdutos().should('be.visible');\ncy.url().should('contain', '/inventory');",
              "err": {},
              "uuid": "f8124981-5626-4c83-a187-f7abf651dc9d",
              "parentUUID": "b69c384f-90ed-4cfc-b5e6-3859c4c38352",
              "isHook": false,
              "skipped": false
            },
            {
              "title": "Login usuário com falha de desempenho",
              "fullTitle": "Login Login usuário com falha de desempenho",
              "timedOut": null,
              "duration": 6011,
              "state": "passed",
              "speed": "medium",
              "pass": true,
              "fail": false,
              "pending": false,
              "context": null,
              "code": "const startTime = Date.now(); //captura o tempo atual\nloginPage.loginUsuarioPerformance();\nloginPage.loginSenha();\nloginPage.entrar();\n//validações de usuário com falha de desempenho\nloginPage.validarLoginDelay(startTime).then(duration => {\n  expect(duration).to.be.greaterThan(4); //verifica se o login demorou mais que 4 segundos\n});\ncy.url().should('contain', '/inventory');",
              "err": {},
              "uuid": "353f0f44-3a9a-47f7-b8e3-2bedb9fcd9a3",
              "parentUUID": "b69c384f-90ed-4cfc-b5e6-3859c4c38352",
              "isHook": false,
              "skipped": false
            }
          ],
          "suites": [],
          "passes": [
            "2041d646-0933-4f02-afd4-4cf6f8d0d48c",
            "1f218d11-a5fd-4801-98dd-38ade79437a3",
            "69949818-fb5f-423c-8428-be6e6b012a13",
            "df443923-dfb6-45e2-ba7f-c920d112cc03",
            "4f994abb-dbab-42e0-ab0f-e287a5f57e97",
            "788d0e4c-d228-43ee-8f0e-81d6ed8f027e",
            "12722d02-d22c-4227-ba82-2638581e0c66",
            "f8124981-5626-4c83-a187-f7abf651dc9d",
            "353f0f44-3a9a-47f7-b8e3-2bedb9fcd9a3"
          ],
          "failures": [],
          "pending": [],
          "skipped": [],
          "duration": 11771,
          "root": false,
          "rootEmpty": false,
          "_timeout": 2000
        }
      ],
      "passes": [],
      "failures": [],
      "pending": [],
      "skipped": [],
      "duration": 0,
      "root": true,
      "rootEmpty": true,
      "_timeout": 2000
    }
  ],
  "meta": {
    "mocha": {
      "version": "7.0.1"
    },
    "mochawesome": {
      "options": {
        "quiet": false,
        "reportFilename": "report",
        "saveHtml": true,
        "saveJson": true,
        "consoleReporter": "spec",
        "useInlineDiffs": false,
        "code": true
      },
      "version": "7.1.3"
    },
    "marge": {
      "options": {
        "reportDir": "cypress/reports/mochawesome-report",
        "overwrite": false,
        "html": true,
        "json": true,
        "charts": true,
        "reportFilename": "report",
        "timestamp": "mmddyyyy_HHMMss",
        "inlineAssets": true,
        "reportPageTitle": "Relatório de execução de testes no site SAUCEDEMO",
        "embeddedScreenshots": true
      },
      "version": "6.2.0"
    }
  }
}