{
  "stats": {
    "suites": 1,
    "tests": 3,
    "passes": 3,
    "pending": 0,
    "failures": 0,
    "start": "2024-10-27T21:29:04.649Z",
    "end": "2024-10-27T21:29:10.284Z",
    "duration": 5635,
    "testsRegistered": 3,
    "passPercent": 100,
    "pendingPercent": 0,
    "other": 0,
    "hasOther": false,
    "skipped": 0,
    "hasSkipped": false
  },
  "results": [
    {
      "uuid": "63187f82-4b89-42b7-9e04-84b0f0886e62",
      "title": "",
      "fullFile": "cypress\\e2e\\spec\\cart.cy.js",
      "file": "cypress\\e2e\\spec\\cart.cy.js",
      "beforeHooks": [],
      "afterHooks": [],
      "tests": [],
      "suites": [
        {
          "uuid": "8b7491ad-d55c-4cf9-aaf3-a9e85abf868f",
          "title": "Operações com carrinho",
          "fullFile": "",
          "file": "",
          "beforeHooks": [],
          "afterHooks": [],
          "tests": [
            {
              "title": "Adicionando um produto ao carrinho",
              "fullTitle": "Operações com carrinho Adicionando um produto ao carrinho",
              "timedOut": null,
              "duration": 2835,
              "state": "passed",
              "speed": "fast",
              "pass": true,
              "fail": false,
              "pending": false,
              "context": null,
              "code": "loginPage.visit('/');\nloginPage.loginUsuario();\nloginPage.loginSenha();\nloginPage.entrar();\n//adicionando um produto ao carrinho\ncartPage.clicarProdutoMochila();\n//clicando no botão adicionar produto\ncartPage.adicionarCarrinho();\n//validando númeração no ícone do carrinho\ncartPage.contadorCarrinho().should('be.visible');\n//clicando no carrinho pelo selector\ncartPage.clicarCarrinho();\n//validações dentro da página de carrinho\n//validações textos\ncartPage.validarTextoPaginaCarrinho().should('have.text', \"Your Cart\");\ncartPage.validarTextoQTY().should('have.text', \"QTY\");\ncartPage.validarTextoDESCRIPTION().should('have.text', \"DESCRIPTION\");\ncartPage.validarQtyItensCarrinho().should('have.text', \"1\");\ncartPage.validarPrecoProduto().should('be.visible');\ncartPage.validarDescricaoProduto().should('be.visible');\ncartPage.validarNomeProduto().should('be.visible');\n//validações botões \ncartPage.validarBtnRemoverProduto().should('have.text', \"REMOVE\");\ncartPage.validarBtnComprar().should('have.text', \"CHECKOUT\");\ncartPage.validarBtnHome().should('have.text', \"Continue Shopping\");\ncy.url().should('contain', '/cart');",
              "err": {},
              "uuid": "a6391823-026f-48f3-9c89-fae38c584803",
              "parentUUID": "8b7491ad-d55c-4cf9-aaf3-a9e85abf868f",
              "isHook": false,
              "skipped": false
            },
            {
              "title": "Removendo um produto do carrinho",
              "fullTitle": "Operações com carrinho Removendo um produto do carrinho",
              "timedOut": null,
              "duration": 1073,
              "state": "passed",
              "speed": "fast",
              "pass": true,
              "fail": false,
              "pending": false,
              "context": null,
              "code": "loginPage.visit('/');\nloginPage.loginUsuario();\nloginPage.loginSenha();\nloginPage.entrar();\n//adicionando um produto ao carrinho\ncartPage.clicarProdutoMochila();\n//clicando no botão adicionar produto\ncartPage.adicionarCarrinho();\n//validando númeração no ícone do carrinho\ncartPage.contadorCarrinho().should('be.visible');\n//clicando no carrinho pelo selector\ncartPage.clicarCarrinho();\n//validações dentro da página de carrinho\n//removendo produto do carrinho\ncartPage.removerItemCarrinho();\n//validações que não tem nenhum item no carrinho\ncartPage.validarQtyItensCarrinho().should('not.exist');\ncartPage.validarBtnRemoverProduto().should('not.exist');\ncartPage.validarPrecoProduto().should('not.exist');\ncartPage.validarDescricaoProduto().should('not.exist');\ncartPage.validarNomeProduto().should('not.exist');\ncy.url().should('contain', '/cart');",
              "err": {},
              "uuid": "3dc8eecd-feef-4976-85f9-5432249d1268",
              "parentUUID": "8b7491ad-d55c-4cf9-aaf3-a9e85abf868f",
              "isHook": false,
              "skipped": false
            },
            {
              "title": "Adicionando mais de um produto ao carrinho",
              "fullTitle": "Operações com carrinho Adicionando mais de um produto ao carrinho",
              "timedOut": null,
              "duration": 1651,
              "state": "passed",
              "speed": "fast",
              "pass": true,
              "fail": false,
              "pending": false,
              "context": null,
              "code": "loginPage.visit('/');\nloginPage.loginUsuario();\nloginPage.loginSenha();\nloginPage.entrar();\n//adicionando um produto ao carrinho\ncartPage.clicarProdutoMochila();\n//clicando no botão adicionar produto\ncartPage.adicionarCarrinho();\n//validando númeração no ícone do carrinho\ncartPage.contadorCarrinho().should('be.visible');\n//voltando na página principal dos produtos\ncartPage.clicarMenu();\ncartPage.clicarBtnAllItems();\n//adicionando mais um produto ao carrinho totalizando dois produtos\ncartPage.clicarProdutoCamiseta();\ncartPage.adicionarCarrinho();\n//validando númeração no ícone do carrinho\ncartPage.contadorCarrinho().should('be.visible');\n//clicando no carrinho pelo selector\ncartPage.clicarCarrinho();\n//validações dentro da página de carrinho\n//validações botões \ncartPage.validarBtnRemoverProduto().should('be.visible');\ncartPage.validarBtnComprar().should('have.text', \"CHECKOUT\");\ncartPage.validarBtnHome().should('have.text', \"Continue Shopping\");\n//validações textos\ncartPage.validarTextoPaginaCarrinho().should('have.text', \"Your Cart\");\ncartPage.validarTextoQTY().should('have.text', \"QTY\");\ncartPage.validarTextoDESCRIPTION().should('have.text', \"DESCRIPTION\");\ncartPage.validarQtyItensCarrinho().should('be.visible');\ncartPage.validarPrecoProduto().should('be.visible');\ncartPage.validarDescricaoProduto().should('be.visible');\ncartPage.validarNomeProduto().should('be.visible');\ncy.url().should('contain', '/cart');",
              "err": {},
              "uuid": "2ba7059a-9c48-4bf7-8944-eb1e4047d46a",
              "parentUUID": "8b7491ad-d55c-4cf9-aaf3-a9e85abf868f",
              "isHook": false,
              "skipped": false
            }
          ],
          "suites": [],
          "passes": [
            "a6391823-026f-48f3-9c89-fae38c584803",
            "3dc8eecd-feef-4976-85f9-5432249d1268",
            "2ba7059a-9c48-4bf7-8944-eb1e4047d46a"
          ],
          "failures": [],
          "pending": [],
          "skipped": [],
          "duration": 5559,
          "root": false,
          "rootEmpty": false,
          "_timeout": 2000
        }
      ],
      "passes": [],
      "failures": [],
      "pending": [],
      "skipped": [],
      "duration": 0,
      "root": true,
      "rootEmpty": true,
      "_timeout": 2000
    }
  ],
  "meta": {
    "mocha": {
      "version": "7.0.1"
    },
    "mochawesome": {
      "options": {
        "quiet": false,
        "reportFilename": "report",
        "saveHtml": true,
        "saveJson": true,
        "consoleReporter": "spec",
        "useInlineDiffs": false,
        "code": true
      },
      "version": "7.1.3"
    },
    "marge": {
      "options": {
        "reportDir": "cypress/reports/mochawesome-report",
        "overwrite": false,
        "html": true,
        "json": true,
        "charts": true,
        "reportFilename": "report",
        "timestamp": "mmddyyyy_HHMMss",
        "inlineAssets": true,
        "autoOpen": true,
        "reportPageTitle": "Relatório de execução de testes no site SAUCEDEMO",
        "embeddedScreenshots": true
      },
      "version": "6.2.0"
    }
  }
}