{
  "stats": {
    "suites": 1,
    "tests": 9,
    "passes": 9,
    "pending": 0,
    "failures": 0,
    "start": "2024-10-27T21:29:18.277Z",
    "end": "2024-10-27T21:29:29.341Z",
    "duration": 11064,
    "testsRegistered": 9,
    "passPercent": 100,
    "pendingPercent": 0,
    "other": 0,
    "hasOther": false,
    "skipped": 0,
    "hasSkipped": false
  },
  "results": [
    {
      "uuid": "49bfc68b-c589-40bc-998d-f38f32fab8d4",
      "title": "",
      "fullFile": "cypress\\e2e\\spec\\login.cy.js",
      "file": "cypress\\e2e\\spec\\login.cy.js",
      "beforeHooks": [],
      "afterHooks": [],
      "tests": [],
      "suites": [
        {
          "uuid": "d07312a8-dfca-4650-9216-9da7c0a36be1",
          "title": "Login",
          "fullFile": "",
          "file": "",
          "beforeHooks": [],
          "afterHooks": [],
          "tests": [
            {
              "title": "Login com sucesso",
              "fullTitle": "Login Login com sucesso",
              "timedOut": null,
              "duration": 1016,
              "state": "passed",
              "speed": "fast",
              "pass": true,
              "fail": false,
              "pending": false,
              "context": null,
              "code": "loginPage.visit('/');\nloginPage.loginUsuario();\nloginPage.loginSenha();\nloginPage.entrar();\n//validações de login\nloginPage.validarLogin().should('have.text', \"Products\");\nloginPage.validarListaProdutos().should('be.visible');\nloginPage.validarURL().should('contain', '/inventory');",
              "err": {},
              "uuid": "87890441-8c26-4084-9874-612f925d878c",
              "parentUUID": "d07312a8-dfca-4650-9216-9da7c0a36be1",
              "isHook": false,
              "skipped": false
            },
            {
              "title": "Login com usuário inválido",
              "fullTitle": "Login Login com usuário inválido",
              "timedOut": null,
              "duration": 670,
              "state": "passed",
              "speed": "fast",
              "pass": true,
              "fail": false,
              "pending": false,
              "context": null,
              "code": "loginPage.visit('/');\nloginPage.loginUsuarioInvalido();\nloginPage.loginSenha();\nloginPage.entrar();\n//validações de usuário inválido\nloginPage.validarMessagensErro().should('have.text', \"Epic sadface: Username and password do not match any user in this service\");\nloginPage.validarURL().should('contain', '/v1');",
              "err": {},
              "uuid": "03086b03-d8b6-43e5-9d91-4794199cc8e7",
              "parentUUID": "d07312a8-dfca-4650-9216-9da7c0a36be1",
              "isHook": false,
              "skipped": false
            },
            {
              "title": "Login com senha inválida",
              "fullTitle": "Login Login com senha inválida",
              "timedOut": null,
              "duration": 671,
              "state": "passed",
              "speed": "fast",
              "pass": true,
              "fail": false,
              "pending": false,
              "context": null,
              "code": "loginPage.visit('/');\nloginPage.loginUsuario();\nloginPage.loginSenhaInvalida();\nloginPage.entrar();\n//validações de senha inválida\nloginPage.validarMessagensErro().should('have.text', \"Epic sadface: Username and password do not match any user in this service\");\nloginPage.validarURL().should('contain', '/v1');",
              "err": {},
              "uuid": "0eaf2811-9231-460f-9ecc-7b9cf52a803f",
              "parentUUID": "d07312a8-dfca-4650-9216-9da7c0a36be1",
              "isHook": false,
              "skipped": false
            },
            {
              "title": "Login com usuário e senha vazio",
              "fullTitle": "Login Login com usuário e senha vazio",
              "timedOut": null,
              "duration": 147,
              "state": "passed",
              "speed": "fast",
              "pass": true,
              "fail": false,
              "pending": false,
              "context": null,
              "code": "loginPage.visit('/');\nloginPage.entrar();\n//validações usuário e senha vazio\nloginPage.validarMessagensErro().should('have.text', \"Epic sadface: Username is required\");\nloginPage.validarURL().should('contain', '/v1');",
              "err": {},
              "uuid": "63e720f2-1ac1-47f9-80be-f27b43dbf10b",
              "parentUUID": "d07312a8-dfca-4650-9216-9da7c0a36be1",
              "isHook": false,
              "skipped": false
            },
            {
              "title": "Login com usuário vazio",
              "fullTitle": "Login Login com usuário vazio",
              "timedOut": null,
              "duration": 425,
              "state": "passed",
              "speed": "fast",
              "pass": true,
              "fail": false,
              "pending": false,
              "context": null,
              "code": "loginPage.visit('/');\nloginPage.loginSenha();\nloginPage.entrar();\n//validações usuário vazio\nloginPage.validarMessagensErro().should('have.text', \"Epic sadface: Username is required\");\nloginPage.validarURL().should('contain', '/v1');",
              "err": {},
              "uuid": "a72ded50-709f-4914-a48f-db2bd3045a98",
              "parentUUID": "d07312a8-dfca-4650-9216-9da7c0a36be1",
              "isHook": false,
              "skipped": false
            },
            {
              "title": "Login com senha vazia",
              "fullTitle": "Login Login com senha vazia",
              "timedOut": null,
              "duration": 432,
              "state": "passed",
              "speed": "fast",
              "pass": true,
              "fail": false,
              "pending": false,
              "context": null,
              "code": "loginPage.visit('/');\nloginPage.loginUsuario();\nloginPage.entrar();\n//validações senha vazia\nloginPage.validarMessagensErro().should('have.text', \"Epic sadface: Password is required\");\nloginPage.validarURL().should('contain', '/v1');",
              "err": {},
              "uuid": "460767df-f027-4223-a7dc-4f307350a323",
              "parentUUID": "d07312a8-dfca-4650-9216-9da7c0a36be1",
              "isHook": false,
              "skipped": false
            },
            {
              "title": "Login com usuário bloqueado",
              "fullTitle": "Login Login com usuário bloqueado",
              "timedOut": null,
              "duration": 742,
              "state": "passed",
              "speed": "fast",
              "pass": true,
              "fail": false,
              "pending": false,
              "context": null,
              "code": "loginPage.visit('/');\nloginPage.loginUsuarioBloqueado();\nloginPage.loginSenha();\nloginPage.entrar();\n//validações usuário bloqueado\nloginPage.validarMessagensErro().should('have.text', \"Epic sadface: Sorry, this user has been locked out.\");\nloginPage.validarURL().should('contain', '/v1');",
              "err": {},
              "uuid": "0f637696-9c79-42c7-81b2-af03c32f7c48",
              "parentUUID": "d07312a8-dfca-4650-9216-9da7c0a36be1",
              "isHook": false,
              "skipped": false
            },
            {
              "title": "Login usuário com problema",
              "fullTitle": "Login Login usuário com problema",
              "timedOut": null,
              "duration": 792,
              "state": "passed",
              "speed": "fast",
              "pass": true,
              "fail": false,
              "pending": false,
              "context": null,
              "code": "loginPage.visit('/');\nloginPage.loginUsuarioProblema();\nloginPage.loginSenha();\nloginPage.entrar();\n//validações usuário com problema\nloginPage.validarImgProdutos().should('be.visible');\ncy.url().should('contain', '/inventory');",
              "err": {},
              "uuid": "1a1a670f-bf20-49fc-b253-da53db1a5d81",
              "parentUUID": "d07312a8-dfca-4650-9216-9da7c0a36be1",
              "isHook": false,
              "skipped": false
            },
            {
              "title": "Login usuário com falha de desempenho",
              "fullTitle": "Login Login usuário com falha de desempenho",
              "timedOut": null,
              "duration": 5876,
              "state": "passed",
              "speed": "medium",
              "pass": true,
              "fail": false,
              "pending": false,
              "context": null,
              "code": "const startTime = Date.now(); //captura o tempo atual\nloginPage.visit('/');\nloginPage.loginUsuarioPerformance();\nloginPage.loginSenha();\nloginPage.entrar();\n//validações de usuário com falha de desempenho\nloginPage.validarLoginDelay(startTime).then(duration => {\n  expect(duration).to.be.greaterThan(4); //verifica se o login demorou mais que 4 segundos\n});\ncy.url().should('contain', '/inventory');",
              "err": {},
              "uuid": "d7a765df-c9b1-4a14-afab-f0261d6f9c79",
              "parentUUID": "d07312a8-dfca-4650-9216-9da7c0a36be1",
              "isHook": false,
              "skipped": false
            }
          ],
          "suites": [],
          "passes": [
            "87890441-8c26-4084-9874-612f925d878c",
            "03086b03-d8b6-43e5-9d91-4794199cc8e7",
            "0eaf2811-9231-460f-9ecc-7b9cf52a803f",
            "63e720f2-1ac1-47f9-80be-f27b43dbf10b",
            "a72ded50-709f-4914-a48f-db2bd3045a98",
            "460767df-f027-4223-a7dc-4f307350a323",
            "0f637696-9c79-42c7-81b2-af03c32f7c48",
            "1a1a670f-bf20-49fc-b253-da53db1a5d81",
            "d7a765df-c9b1-4a14-afab-f0261d6f9c79"
          ],
          "failures": [],
          "pending": [],
          "skipped": [],
          "duration": 10771,
          "root": false,
          "rootEmpty": false,
          "_timeout": 2000
        }
      ],
      "passes": [],
      "failures": [],
      "pending": [],
      "skipped": [],
      "duration": 0,
      "root": true,
      "rootEmpty": true,
      "_timeout": 2000
    }
  ],
  "meta": {
    "mocha": {
      "version": "7.0.1"
    },
    "mochawesome": {
      "options": {
        "quiet": false,
        "reportFilename": "report",
        "saveHtml": true,
        "saveJson": true,
        "consoleReporter": "spec",
        "useInlineDiffs": false,
        "code": true
      },
      "version": "7.1.3"
    },
    "marge": {
      "options": {
        "reportDir": "cypress/reports/mochawesome-report",
        "overwrite": false,
        "html": true,
        "json": true,
        "charts": true,
        "reportFilename": "report",
        "timestamp": "mmddyyyy_HHMMss",
        "inlineAssets": true,
        "autoOpen": true,
        "reportPageTitle": "Relatório de execução de testes no site SAUCEDEMO",
        "embeddedScreenshots": true
      },
      "version": "6.2.0"
    }
  }
}