{
  "stats": {
    "suites": 1,
    "tests": 9,
    "passes": 9,
    "pending": 0,
    "failures": 0,
    "start": "2025-01-27T17:53:24.669Z",
    "end": "2025-01-27T17:53:36.823Z",
    "duration": 12154,
    "testsRegistered": 9,
    "passPercent": 100,
    "pendingPercent": 0,
    "other": 0,
    "hasOther": false,
    "skipped": 0,
    "hasSkipped": false
  },
  "results": [
    {
      "uuid": "d7691a91-45fb-4c82-bba0-28266fb6cfdb",
      "title": "",
      "fullFile": "cypress\\e2e\\spec\\login.cy.js",
      "file": "cypress\\e2e\\spec\\login.cy.js",
      "beforeHooks": [],
      "afterHooks": [],
      "tests": [],
      "suites": [
        {
          "uuid": "0137027b-ed9e-4fe4-b27d-254c85141a83",
          "title": "Login",
          "fullFile": "",
          "file": "",
          "beforeHooks": [],
          "afterHooks": [],
          "tests": [
            {
              "title": "Login com sucesso",
              "fullTitle": "Login Login com sucesso",
              "timedOut": null,
              "duration": 1259,
              "state": "passed",
              "speed": "fast",
              "pass": true,
              "fail": false,
              "pending": false,
              "context": null,
              "code": "loginPage.loginUsuario();\nloginPage.loginSenha();\nloginPage.entrar();\n//validações de login\nloginPage.validarLogin().should('have.text', \"Products\");\nloginPage.validarListaProdutos().should('be.visible');\nloginPage.validarURL().should('contain', '/inventory');",
              "err": {},
              "uuid": "58a60875-1b6a-4397-b2e0-ef770c6ad10f",
              "parentUUID": "0137027b-ed9e-4fe4-b27d-254c85141a83",
              "isHook": false,
              "skipped": false
            },
            {
              "title": "Login com usuário inválido",
              "fullTitle": "Login Login com usuário inválido",
              "timedOut": null,
              "duration": 743,
              "state": "passed",
              "speed": "fast",
              "pass": true,
              "fail": false,
              "pending": false,
              "context": null,
              "code": "loginPage.loginUsuarioInvalido();\nloginPage.loginSenha();\nloginPage.entrar();\n//validações de usuário inválido\nloginPage.validarMessagensErro().should('have.text', \"Epic sadface: Username and password do not match any user in this service\");\nloginPage.validarURL().should('contain', '/v1');",
              "err": {},
              "uuid": "8929baea-afe7-4c6b-8fed-0adb9735c2b7",
              "parentUUID": "0137027b-ed9e-4fe4-b27d-254c85141a83",
              "isHook": false,
              "skipped": false
            },
            {
              "title": "Login com senha inválida",
              "fullTitle": "Login Login com senha inválida",
              "timedOut": null,
              "duration": 776,
              "state": "passed",
              "speed": "fast",
              "pass": true,
              "fail": false,
              "pending": false,
              "context": null,
              "code": "loginPage.loginUsuario();\nloginPage.loginSenhaInvalida();\nloginPage.entrar();\n//validações de senha inválida\nloginPage.validarMessagensErro().should('have.text', \"Epic sadface: Username and password do not match any user in this service\");\nloginPage.validarURL().should('contain', '/v1');",
              "err": {},
              "uuid": "6b069fa2-2837-4790-a5bc-d9c2d3228def",
              "parentUUID": "0137027b-ed9e-4fe4-b27d-254c85141a83",
              "isHook": false,
              "skipped": false
            },
            {
              "title": "Login com usuário e senha vazio",
              "fullTitle": "Login Login com usuário e senha vazio",
              "timedOut": null,
              "duration": 168,
              "state": "passed",
              "speed": "fast",
              "pass": true,
              "fail": false,
              "pending": false,
              "context": null,
              "code": "loginPage.entrar();\n//validações usuário e senha vazio\nloginPage.validarMessagensErro().should('have.text', \"Epic sadface: Username is required\");\nloginPage.validarURL().should('contain', '/v1');",
              "err": {},
              "uuid": "fca12fc2-bcba-46fc-bf4d-50015e4ef66f",
              "parentUUID": "0137027b-ed9e-4fe4-b27d-254c85141a83",
              "isHook": false,
              "skipped": false
            },
            {
              "title": "Login com usuário vazio",
              "fullTitle": "Login Login com usuário vazio",
              "timedOut": null,
              "duration": 507,
              "state": "passed",
              "speed": "fast",
              "pass": true,
              "fail": false,
              "pending": false,
              "context": null,
              "code": "loginPage.loginSenha();\nloginPage.entrar();\n//validações usuário vazio\nloginPage.validarMessagensErro().should('have.text', \"Epic sadface: Username is required\");\nloginPage.validarURL().should('contain', '/v1');",
              "err": {},
              "uuid": "5923b929-0b89-4840-923c-c3e4467cb3b3",
              "parentUUID": "0137027b-ed9e-4fe4-b27d-254c85141a83",
              "isHook": false,
              "skipped": false
            },
            {
              "title": "Login com senha vazia",
              "fullTitle": "Login Login com senha vazia",
              "timedOut": null,
              "duration": 543,
              "state": "passed",
              "speed": "fast",
              "pass": true,
              "fail": false,
              "pending": false,
              "context": null,
              "code": "loginPage.loginUsuario();\nloginPage.entrar();\n//validações senha vazia\nloginPage.validarMessagensErro().should('have.text', \"Epic sadface: Password is required\");\nloginPage.validarURL().should('contain', '/v1');",
              "err": {},
              "uuid": "2498ba77-cc63-47bc-a7b4-f2ad3479bcfa",
              "parentUUID": "0137027b-ed9e-4fe4-b27d-254c85141a83",
              "isHook": false,
              "skipped": false
            },
            {
              "title": "Login com usuário bloqueado",
              "fullTitle": "Login Login com usuário bloqueado",
              "timedOut": null,
              "duration": 895,
              "state": "passed",
              "speed": "fast",
              "pass": true,
              "fail": false,
              "pending": false,
              "context": null,
              "code": "loginPage.loginUsuarioBloqueado();\nloginPage.loginSenha();\nloginPage.entrar();\n//validações usuário bloqueado\nloginPage.validarMessagensErro().should('have.text', \"Epic sadface: Sorry, this user has been locked out.\");\nloginPage.validarURL().should('contain', '/v1');",
              "err": {},
              "uuid": "6616df1f-7ff2-43bc-8e45-71c2f45a2fcf",
              "parentUUID": "0137027b-ed9e-4fe4-b27d-254c85141a83",
              "isHook": false,
              "skipped": false
            },
            {
              "title": "Login usuário com problema",
              "fullTitle": "Login Login usuário com problema",
              "timedOut": null,
              "duration": 889,
              "state": "passed",
              "speed": "fast",
              "pass": true,
              "fail": false,
              "pending": false,
              "context": null,
              "code": "loginPage.loginUsuarioProblema();\nloginPage.loginSenha();\nloginPage.entrar();\n//validações usuário com problema\nloginPage.validarImgProdutos().should('be.visible');\ncy.url().should('contain', '/inventory');",
              "err": {},
              "uuid": "ca58a5ed-85f3-4e76-be1f-b8bf48cfc490",
              "parentUUID": "0137027b-ed9e-4fe4-b27d-254c85141a83",
              "isHook": false,
              "skipped": false
            },
            {
              "title": "Login usuário com falha de desempenho",
              "fullTitle": "Login Login usuário com falha de desempenho",
              "timedOut": null,
              "duration": 5997,
              "state": "passed",
              "speed": "medium",
              "pass": true,
              "fail": false,
              "pending": false,
              "context": null,
              "code": "const startTime = Date.now(); //captura o tempo atual\nloginPage.loginUsuarioPerformance();\nloginPage.loginSenha();\nloginPage.entrar();\n//validações de usuário com falha de desempenho\nloginPage.validarLoginDelay(startTime).then(duration => {\n  expect(duration).to.be.greaterThan(4); //verifica se o login demorou mais que 4 segundos\n});\ncy.url().should('contain', '/inventory');",
              "err": {},
              "uuid": "fb02a8b2-7b4a-487f-9b9c-4b9e598b23cc",
              "parentUUID": "0137027b-ed9e-4fe4-b27d-254c85141a83",
              "isHook": false,
              "skipped": false
            }
          ],
          "suites": [],
          "passes": [
            "58a60875-1b6a-4397-b2e0-ef770c6ad10f",
            "8929baea-afe7-4c6b-8fed-0adb9735c2b7",
            "6b069fa2-2837-4790-a5bc-d9c2d3228def",
            "fca12fc2-bcba-46fc-bf4d-50015e4ef66f",
            "5923b929-0b89-4840-923c-c3e4467cb3b3",
            "2498ba77-cc63-47bc-a7b4-f2ad3479bcfa",
            "6616df1f-7ff2-43bc-8e45-71c2f45a2fcf",
            "ca58a5ed-85f3-4e76-be1f-b8bf48cfc490",
            "fb02a8b2-7b4a-487f-9b9c-4b9e598b23cc"
          ],
          "failures": [],
          "pending": [],
          "skipped": [],
          "duration": 11777,
          "root": false,
          "rootEmpty": false,
          "_timeout": 2000
        }
      ],
      "passes": [],
      "failures": [],
      "pending": [],
      "skipped": [],
      "duration": 0,
      "root": true,
      "rootEmpty": true,
      "_timeout": 2000
    }
  ],
  "meta": {
    "mocha": {
      "version": "7.0.1"
    },
    "mochawesome": {
      "options": {
        "quiet": false,
        "reportFilename": "report",
        "saveHtml": true,
        "saveJson": true,
        "consoleReporter": "spec",
        "useInlineDiffs": false,
        "code": true
      },
      "version": "7.1.3"
    },
    "marge": {
      "options": {
        "reportDir": "cypress/reports/mochawesome-report",
        "overwrite": false,
        "html": true,
        "json": true,
        "charts": true,
        "reportFilename": "report",
        "timestamp": "mmddyyyy_HHMMss",
        "inlineAssets": true,
        "reportPageTitle": "Relatório de execução de testes no site SAUCEDEMO",
        "embeddedScreenshots": true
      },
      "version": "6.2.0"
    }
  }
}